<?xml version="1.0" encoding="UTF-8"?>
<!-- Generated by org.testng.reporters.JUnitReportReporter -->
<testsuite hostname="DESKTOP-U59MBCV" name="Academy.HomePage" tests="2" failures="0" timestamp="23 Sep 2017 07:56:47 GMT" time="30.932" errors="0">
  <testcase name="basePageNavigation" time="25.093" classname="Academy.HomePage"/>
  <testcase name="basePageNavigation" time="5.839" classname="Academy.HomePage"/>
</testsuite> <!-- Academy.HomePage -->
