<?xml version="1.0" encoding="UTF-8"?>
<!-- Generated by org.testng.reporters.JUnitReportReporter -->
<testsuite hostname="DESKTOP-U59MBCV" name="Academy.validateNavigationBar" tests="1" failures="0" timestamp="23 Sep 2017 07:56:47 GMT" time="0.085" errors="0">
  <testcase name="validateAppNavBar" time="0.085" classname="Academy.validateNavigationBar"/>
</testsuite> <!-- Academy.validateNavigationBar -->
